[0405/113955.491:ERROR:child_thread_impl.cc(762)] Request for unknown Channel-associated interface: ui::mojom::GpuMain
[0405/113956.933:ERROR:interface_registry.cc(203)] Failed to locate a binder for interface: blink::mojom::SensitiveInputVisibilityService requested by: content_renderer exposed by: content_browser via InterfaceProviderSpec "navigation:frame".
[0405/113956.933:WARNING:interface_registry.cc(210)] 

InterfaceRegistry(navigation:frame):
Owned by:
  content_browser@ run as: 92512058-4892-46d8-830c-a55a6568652d

  Providing:
    capability: renderer containing interfaces:
      autofill::mojom::AutofillDriver
      autofill::mojom::PasswordManagerDriver
      blink::mojom::MediaSessionService
      blink::mojom::PermissionService
      blink::mojom::PresentationService
      blink::mojom::SensitiveInputVisibilityService
      blink::mojom::WebBluetoothService
      blink::mojom::WebSocket
      content::mojom::BrowserTarget
      device::VibrationManager
      device::mojom::GeolocationService
      device::mojom::SensorProvider
      device::mojom::VRService
      device::mojom::WakeLockService
      device::nfc::mojom::NFC
      device::usb::DeviceManager
      discardable_memory::mojom::DiscardableSharedMemoryManager
      extensions::KeepAlive
      extensions::mime_handler::MimeHandlerService
      media::mojom::InterfaceFactory
      media::mojom::RemoterFactory
      media::mojom::Renderer
      mojom::MediaDevicesDispatcherHost
      payments::mojom::PaymentRequest
      shape_detection::mojom::BarcodeDetection
      shape_detection::mojom::FaceDetectionProvider
      shape_detection::mojom::TextDetection
      ui::mojom::Gpu

  Requiring:
    From: content_renderer:
      browser

Bound to:
  content_renderer@3_1 run as: 92512058-4892-46d8-830c-a55a6568652d

  Providing:
    capability: browser containing interfaces:
      blink::mojom::AppBannerController
      blink::mojom::EngagementClient
      blink::mojom::InstallationService
      content::mojom::ImageDownloader
      mojom::MediaDevicesListener

  Requiring:
    From: content_browser:
      renderer

Binders registered for:
 * blink::mojom::MediaSessionService
 * blink::mojom::PermissionService
 * blink::mojom::PresentationService
 * blink::mojom::WebBluetoothService
 * blink::mojom::WebSocket
 * device::VibrationManager
 * device::mojom::GeolocationService
 * device::mojom::VRService
 * device::mojom::WakeLockService
 * media::mojom::InterfaceFactory
 * media::mojom::RemoterFactory
 * mojom::MediaDevicesDispatcherHost

 * - denotes an interface exposed to remote per policy.



[0421/164230.058:ERROR:child_thread_impl.cc(762)] Request for unknown Channel-associated interface: ui::mojom::GpuMain
[0421/164236.485:ERROR:interface_registry.cc(203)] Failed to locate a binder for interface: blink::mojom::SensitiveInputVisibilityService requested by: content_renderer exposed by: content_browser via InterfaceProviderSpec "navigation:frame".
[0421/164236.485:WARNING:interface_registry.cc(210)] 

InterfaceRegistry(navigation:frame):
Owned by:
  content_browser@ run as: 22aa5ac2-2521-49fb-be60-1aadeda86fd7

  Providing:
    capability: renderer containing interfaces:
      autofill::mojom::AutofillDriver
      autofill::mojom::PasswordManagerDriver
      blink::mojom::MediaSessionService
      blink::mojom::PermissionService
      blink::mojom::PresentationService
      blink::mojom::SensitiveInputVisibilityService
      blink::mojom::WebBluetoothService
      blink::mojom::WebSocket
      content::mojom::BrowserTarget
      device::VibrationManager
      device::mojom::GeolocationService
      device::mojom::SensorProvider
      device::mojom::VRService
      device::mojom::WakeLockService
      device::nfc::mojom::NFC
      device::usb::DeviceManager
      discardable_memory::mojom::DiscardableSharedMemoryManager
      extensions::KeepAlive
      extensions::mime_handler::MimeHandlerService
      media::mojom::InterfaceFactory
      media::mojom::RemoterFactory
      media::mojom::Renderer
      mojom::MediaDevicesDispatcherHost
      payments::mojom::PaymentRequest
      shape_detection::mojom::BarcodeDetection
      shape_detection::mojom::FaceDetectionProvider
      shape_detection::mojom::TextDetection
      ui::mojom::Gpu

  Requiring:
    From: content_renderer:
      browser

Bound to:
  content_renderer@3_1 run as: 22aa5ac2-2521-49fb-be60-1aadeda86fd7

  Providing:
    capability: browser containing interfaces:
      blink::mojom::AppBannerController
      blink::mojom::EngagementClient
      blink::mojom::InstallationService
      content::mojom::ImageDownloader
      mojom::MediaDevicesListener

  Requiring:
    From: content_browser:
      renderer

Binders registered for:
 * blink::mojom::MediaSessionService
 * blink::mojom::PermissionService
 * blink::mojom::PresentationService
 * blink::mojom::WebBluetoothService
 * blink::mojom::WebSocket
 * device::VibrationManager
 * device::mojom::GeolocationService
 * device::mojom::VRService
 * device::mojom::WakeLockService
 * media::mojom::InterfaceFactory
 * media::mojom::RemoterFactory
 * mojom::MediaDevicesDispatcherHost

 * - denotes an interface exposed to remote per policy.



[0421/164417.927:ERROR:render_media_log.cc(30)] MediaEvent: MEDIA_ERROR_LOG_ENTRY {"error":"FFmpegDemuxer: open context failed"}
[0421/164417.927:ERROR:render_media_log.cc(30)] MediaEvent: PIPELINE_ERROR demuxer: could not open
[0421/164422.461:ERROR:render_media_log.cc(30)] MediaEvent: MEDIA_ERROR_LOG_ENTRY {"error":"FFmpegDemuxer: open context failed"}
[0421/164422.461:ERROR:render_media_log.cc(30)] MediaEvent: PIPELINE_ERROR demuxer: could not open
[0421/164429.413:ERROR:render_media_log.cc(30)] MediaEvent: MEDIA_ERROR_LOG_ENTRY {"error":"FFmpegDemuxer: open context failed"}
[0421/164429.413:ERROR:render_media_log.cc(30)] MediaEvent: PIPELINE_ERROR demuxer: could not open
[0421/164447.275:ERROR:render_media_log.cc(30)] MediaEvent: MEDIA_ERROR_LOG_ENTRY {"error":"FFmpegDemuxer: open context failed"}
[0421/164447.276:ERROR:render_media_log.cc(30)] MediaEvent: PIPELINE_ERROR demuxer: could not open
[0421/164452.357:ERROR:render_media_log.cc(30)] MediaEvent: MEDIA_ERROR_LOG_ENTRY {"error":"FFmpegDemuxer: open context failed"}
[0421/164452.357:ERROR:render_media_log.cc(30)] MediaEvent: PIPELINE_ERROR demuxer: could not open
[0421/164456.744:ERROR:render_media_log.cc(30)] MediaEvent: MEDIA_ERROR_LOG_ENTRY {"error":"FFmpegDemuxer: open context failed"}
[0421/164456.744:ERROR:render_media_log.cc(30)] MediaEvent: PIPELINE_ERROR demuxer: could not open
[0421/164524.738:ERROR:render_media_log.cc(30)] MediaEvent: MEDIA_ERROR_LOG_ENTRY {"error":"FFmpegDemuxer: open context failed"}
[0421/164524.738:ERROR:render_media_log.cc(30)] MediaEvent: PIPELINE_ERROR demuxer: could not open
[0421/164529.266:ERROR:render_media_log.cc(30)] MediaEvent: MEDIA_ERROR_LOG_ENTRY {"error":"FFmpegDemuxer: open context failed"}
[0421/164529.266:ERROR:render_media_log.cc(30)] MediaEvent: PIPELINE_ERROR demuxer: could not open
[0421/164533.639:ERROR:render_media_log.cc(30)] MediaEvent: MEDIA_ERROR_LOG_ENTRY {"error":"FFmpegDemuxer: open context failed"}
[0421/164533.639:ERROR:render_media_log.cc(30)] MediaEvent: PIPELINE_ERROR demuxer: could not open
[0421/164537.212:ERROR:render_media_log.cc(30)] MediaEvent: MEDIA_ERROR_LOG_ENTRY {"error":"FFmpegDemuxer: open context failed"}
[0421/164537.212:ERROR:render_media_log.cc(30)] MediaEvent: PIPELINE_ERROR demuxer: could not open
[0421/164543.185:ERROR:render_media_log.cc(30)] MediaEvent: MEDIA_ERROR_LOG_ENTRY {"error":"FFmpegDemuxer: open context failed"}
[0421/164543.185:ERROR:render_media_log.cc(30)] MediaEvent: PIPELINE_ERROR demuxer: could not open
[0421/164545.872:ERROR:render_media_log.cc(30)] MediaEvent: MEDIA_ERROR_LOG_ENTRY {"error":"FFmpegDemuxer: open context failed"}
[0421/164545.872:ERROR:render_media_log.cc(30)] MediaEvent: PIPELINE_ERROR demuxer: could not open
[0421/164551.879:ERROR:render_media_log.cc(30)] MediaEvent: MEDIA_ERROR_LOG_ENTRY {"error":"FFmpegDemuxer: open context failed"}
[0421/164551.879:ERROR:render_media_log.cc(30)] MediaEvent: PIPELINE_ERROR demuxer: could not open
[0421/164556.387:ERROR:render_media_log.cc(30)] MediaEvent: MEDIA_ERROR_LOG_ENTRY {"error":"FFmpegDemuxer: open context failed"}
[0421/164556.387:ERROR:render_media_log.cc(30)] MediaEvent: PIPELINE_ERROR demuxer: could not open
[0421/164604.113:ERROR:render_media_log.cc(30)] MediaEvent: MEDIA_ERROR_LOG_ENTRY {"error":"FFmpegDemuxer: open context failed"}
[0421/164604.113:ERROR:render_media_log.cc(30)] MediaEvent: PIPELINE_ERROR demuxer: could not open
[0421/164616.164:ERROR:render_media_log.cc(30)] MediaEvent: MEDIA_ERROR_LOG_ENTRY {"error":"FFmpegDemuxer: open context failed"}
[0421/164616.165:ERROR:render_media_log.cc(30)] MediaEvent: PIPELINE_ERROR demuxer: could not open
[0421/164622.369:ERROR:render_media_log.cc(30)] MediaEvent: MEDIA_ERROR_LOG_ENTRY {"error":"FFmpegDemuxer: open context failed"}
[0421/164622.370:ERROR:render_media_log.cc(30)] MediaEvent: PIPELINE_ERROR demuxer: could not open
[0421/164626.312:ERROR:render_media_log.cc(30)] MediaEvent: MEDIA_ERROR_LOG_ENTRY {"error":"FFmpegDemuxer: open context failed"}
[0421/164626.312:ERROR:render_media_log.cc(30)] MediaEvent: PIPELINE_ERROR demuxer: could not open
[0421/164634.477:ERROR:render_media_log.cc(30)] MediaEvent: MEDIA_ERROR_LOG_ENTRY {"error":"FFmpegDemuxer: open context failed"}
[0421/164634.477:ERROR:render_media_log.cc(30)] MediaEvent: PIPELINE_ERROR demuxer: could not open
[0421/164639.156:ERROR:render_media_log.cc(30)] MediaEvent: MEDIA_ERROR_LOG_ENTRY {"error":"FFmpegDemuxer: open context failed"}
[0421/164639.156:ERROR:render_media_log.cc(30)] MediaEvent: PIPELINE_ERROR demuxer: could not open
[0421/164641.467:ERROR:render_media_log.cc(30)] MediaEvent: MEDIA_ERROR_LOG_ENTRY {"error":"FFmpegDemuxer: open context failed"}
[0421/164641.468:ERROR:render_media_log.cc(30)] MediaEvent: PIPELINE_ERROR demuxer: could not open
[0421/164643.719:ERROR:render_media_log.cc(30)] MediaEvent: MEDIA_ERROR_LOG_ENTRY {"error":"FFmpegDemuxer: open context failed"}
[0421/164643.719:ERROR:render_media_log.cc(30)] MediaEvent: PIPELINE_ERROR demuxer: could not open
[0421/164649.907:ERROR:render_media_log.cc(30)] MediaEvent: MEDIA_ERROR_LOG_ENTRY {"error":"FFmpegDemuxer: open context failed"}
[0421/164649.907:ERROR:render_media_log.cc(30)] MediaEvent: PIPELINE_ERROR demuxer: could not open
[0421/164651.949:ERROR:render_media_log.cc(30)] MediaEvent: MEDIA_ERROR_LOG_ENTRY {"error":"FFmpegDemuxer: open context failed"}
[0421/164651.949:ERROR:render_media_log.cc(30)] MediaEvent: PIPELINE_ERROR demuxer: could not open
[0421/164713.363:ERROR:render_media_log.cc(30)] MediaEvent: MEDIA_ERROR_LOG_ENTRY {"error":"FFmpegDemuxer: open context failed"}
[0421/164713.363:ERROR:render_media_log.cc(30)] MediaEvent: PIPELINE_ERROR demuxer: could not open
[0421/164716.380:ERROR:render_media_log.cc(30)] MediaEvent: MEDIA_ERROR_LOG_ENTRY {"error":"FFmpegDemuxer: open context failed"}
[0421/164716.381:ERROR:render_media_log.cc(30)] MediaEvent: PIPELINE_ERROR demuxer: could not open
[0421/164718.962:ERROR:render_media_log.cc(30)] MediaEvent: MEDIA_ERROR_LOG_ENTRY {"error":"FFmpegDemuxer: open context failed"}
[0421/164718.962:ERROR:render_media_log.cc(30)] MediaEvent: PIPELINE_ERROR demuxer: could not open
[0421/164731.065:ERROR:render_media_log.cc(30)] MediaEvent: MEDIA_ERROR_LOG_ENTRY {"error":"FFmpegDemuxer: open context failed"}
[0421/164731.065:ERROR:render_media_log.cc(30)] MediaEvent: PIPELINE_ERROR demuxer: could not open
[0421/164748.996:ERROR:render_media_log.cc(30)] MediaEvent: MEDIA_ERROR_LOG_ENTRY {"error":"FFmpegDemuxer: open context failed"}
[0421/164748.997:ERROR:render_media_log.cc(30)] MediaEvent: PIPELINE_ERROR demuxer: could not open
[0421/164751.123:ERROR:render_media_log.cc(30)] MediaEvent: MEDIA_ERROR_LOG_ENTRY {"error":"FFmpegDemuxer: open context failed"}
[0421/164751.124:ERROR:render_media_log.cc(30)] MediaEvent: PIPELINE_ERROR demuxer: could not open
[0421/165105.269:ERROR:render_media_log.cc(30)] MediaEvent: MEDIA_ERROR_LOG_ENTRY {"error":"FFmpegDemuxer: open context failed"}
[0421/165105.269:ERROR:render_media_log.cc(30)] MediaEvent: PIPELINE_ERROR demuxer: could not open
[0421/165106.168:ERROR:render_media_log.cc(30)] MediaEvent: MEDIA_ERROR_LOG_ENTRY {"error":"FFmpegDemuxer: open context failed"}
[0421/165106.168:ERROR:render_media_log.cc(30)] MediaEvent: PIPELINE_ERROR demuxer: could not open
[0421/165108.616:ERROR:render_media_log.cc(30)] MediaEvent: MEDIA_ERROR_LOG_ENTRY {"error":"FFmpegDemuxer: open context failed"}
[0421/165108.616:ERROR:render_media_log.cc(30)] MediaEvent: PIPELINE_ERROR demuxer: could not open
[0421/165114.678:ERROR:render_media_log.cc(30)] MediaEvent: MEDIA_ERROR_LOG_ENTRY {"error":"FFmpegDemuxer: open context failed"}
[0421/165114.679:ERROR:render_media_log.cc(30)] MediaEvent: PIPELINE_ERROR demuxer: could not open
[0421/165116.086:ERROR:render_media_log.cc(30)] MediaEvent: MEDIA_ERROR_LOG_ENTRY {"error":"FFmpegDemuxer: open context failed"}
[0421/165116.086:ERROR:render_media_log.cc(30)] MediaEvent: PIPELINE_ERROR demuxer: could not open
[0421/165117.716:ERROR:render_media_log.cc(30)] MediaEvent: MEDIA_ERROR_LOG_ENTRY {"error":"FFmpegDemuxer: open context failed"}
[0421/165117.716:ERROR:render_media_log.cc(30)] MediaEvent: PIPELINE_ERROR demuxer: could not open
[0421/165122.030:ERROR:render_media_log.cc(30)] MediaEvent: MEDIA_ERROR_LOG_ENTRY {"error":"FFmpegDemuxer: open context failed"}
[0421/165122.030:ERROR:render_media_log.cc(30)] MediaEvent: PIPELINE_ERROR demuxer: could not open
[0421/165124.933:ERROR:render_media_log.cc(30)] MediaEvent: MEDIA_ERROR_LOG_ENTRY {"error":"FFmpegDemuxer: open context failed"}
[0421/165124.933:ERROR:render_media_log.cc(30)] MediaEvent: PIPELINE_ERROR demuxer: could not open
[0421/165125.498:ERROR:render_media_log.cc(30)] MediaEvent: MEDIA_ERROR_LOG_ENTRY {"error":"FFmpegDemuxer: open context failed"}
[0421/165125.498:ERROR:render_media_log.cc(30)] MediaEvent: PIPELINE_ERROR demuxer: could not open
[0421/165132.806:ERROR:render_media_log.cc(30)] MediaEvent: MEDIA_ERROR_LOG_ENTRY {"error":"FFmpegDemuxer: open context failed"}
[0421/165132.806:ERROR:render_media_log.cc(30)] MediaEvent: PIPELINE_ERROR demuxer: could not open
[0421/165134.563:ERROR:render_media_log.cc(30)] MediaEvent: MEDIA_ERROR_LOG_ENTRY {"error":"FFmpegDemuxer: open context failed"}
[0421/165134.564:ERROR:render_media_log.cc(30)] MediaEvent: PIPELINE_ERROR demuxer: could not open
[0421/165138.548:ERROR:render_media_log.cc(30)] MediaEvent: MEDIA_ERROR_LOG_ENTRY {"error":"FFmpegDemuxer: open context failed"}
[0421/165138.549:ERROR:render_media_log.cc(30)] MediaEvent: PIPELINE_ERROR demuxer: could not open
[0421/165140.196:ERROR:render_media_log.cc(30)] MediaEvent: MEDIA_ERROR_LOG_ENTRY {"error":"FFmpegDemuxer: open context failed"}
[0421/165140.196:ERROR:render_media_log.cc(30)] MediaEvent: PIPELINE_ERROR demuxer: could not open
[0421/165144.317:ERROR:render_media_log.cc(30)] MediaEvent: MEDIA_ERROR_LOG_ENTRY {"error":"FFmpegDemuxer: open context failed"}
[0421/165144.317:ERROR:render_media_log.cc(30)] MediaEvent: PIPELINE_ERROR demuxer: could not open
[0421/165148.444:ERROR:render_media_log.cc(30)] MediaEvent: MEDIA_ERROR_LOG_ENTRY {"error":"FFmpegDemuxer: open context failed"}
[0421/165148.444:ERROR:render_media_log.cc(30)] MediaEvent: PIPELINE_ERROR demuxer: could not open
[0421/165156.496:ERROR:render_media_log.cc(30)] MediaEvent: MEDIA_ERROR_LOG_ENTRY {"error":"FFmpegDemuxer: open context failed"}
[0421/165156.496:ERROR:render_media_log.cc(30)] MediaEvent: PIPELINE_ERROR demuxer: could not open
[0421/165158.542:ERROR:render_media_log.cc(30)] MediaEvent: MEDIA_ERROR_LOG_ENTRY {"error":"FFmpegDemuxer: open context failed"}
[0421/165158.542:ERROR:render_media_log.cc(30)] MediaEvent: PIPELINE_ERROR demuxer: could not open
[0421/165201.388:ERROR:render_media_log.cc(30)] MediaEvent: MEDIA_ERROR_LOG_ENTRY {"error":"FFmpegDemuxer: open context failed"}
[0421/165201.388:ERROR:render_media_log.cc(30)] MediaEvent: PIPELINE_ERROR demuxer: could not open
[0421/165208.881:ERROR:render_media_log.cc(30)] MediaEvent: MEDIA_ERROR_LOG_ENTRY {"error":"FFmpegDemuxer: open context failed"}
[0421/165208.881:ERROR:render_media_log.cc(30)] MediaEvent: PIPELINE_ERROR demuxer: could not open
[0421/165210.539:ERROR:render_media_log.cc(30)] MediaEvent: MEDIA_ERROR_LOG_ENTRY {"error":"FFmpegDemuxer: open context failed"}
[0421/165210.539:ERROR:render_media_log.cc(30)] MediaEvent: PIPELINE_ERROR demuxer: could not open
[0421/165215.264:ERROR:render_media_log.cc(30)] MediaEvent: MEDIA_ERROR_LOG_ENTRY {"error":"FFmpegDemuxer: open context failed"}
[0421/165215.264:ERROR:render_media_log.cc(30)] MediaEvent: PIPELINE_ERROR demuxer: could not open
[0421/165218.675:ERROR:render_media_log.cc(30)] MediaEvent: MEDIA_ERROR_LOG_ENTRY {"error":"FFmpegDemuxer: open context failed"}
[0421/165218.676:ERROR:render_media_log.cc(30)] MediaEvent: PIPELINE_ERROR demuxer: could not open
[0421/165223.689:ERROR:render_media_log.cc(30)] MediaEvent: MEDIA_ERROR_LOG_ENTRY {"error":"FFmpegDemuxer: open context failed"}
[0421/165223.689:ERROR:render_media_log.cc(30)] MediaEvent: PIPELINE_ERROR demuxer: could not open
[0421/165240.867:ERROR:render_media_log.cc(30)] MediaEvent: MEDIA_ERROR_LOG_ENTRY {"error":"FFmpegDemuxer: open context failed"}
[0421/165240.867:ERROR:render_media_log.cc(30)] MediaEvent: PIPELINE_ERROR demuxer: could not open
[0421/165242.248:ERROR:render_media_log.cc(30)] MediaEvent: MEDIA_ERROR_LOG_ENTRY {"error":"FFmpegDemuxer: open context failed"}
[0421/165242.248:ERROR:render_media_log.cc(30)] MediaEvent: PIPELINE_ERROR demuxer: could not open
[0421/165244.436:ERROR:render_media_log.cc(30)] MediaEvent: MEDIA_ERROR_LOG_ENTRY {"error":"FFmpegDemuxer: open context failed"}
[0421/165244.436:ERROR:render_media_log.cc(30)] MediaEvent: PIPELINE_ERROR demuxer: could not open
[0421/165248.552:ERROR:render_media_log.cc(30)] MediaEvent: MEDIA_ERROR_LOG_ENTRY {"error":"FFmpegDemuxer: open context failed"}
[0421/165248.552:ERROR:render_media_log.cc(30)] MediaEvent: PIPELINE_ERROR demuxer: could not open
[0421/165250.179:ERROR:render_media_log.cc(30)] MediaEvent: MEDIA_ERROR_LOG_ENTRY {"error":"FFmpegDemuxer: open context failed"}
[0421/165250.179:ERROR:render_media_log.cc(30)] MediaEvent: PIPELINE_ERROR demuxer: could not open
[0421/165252.486:ERROR:render_media_log.cc(30)] MediaEvent: MEDIA_ERROR_LOG_ENTRY {"error":"FFmpegDemuxer: open context failed"}
[0421/165252.487:ERROR:render_media_log.cc(30)] MediaEvent: PIPELINE_ERROR demuxer: could not open
[0421/165256.028:ERROR:render_media_log.cc(30)] MediaEvent: MEDIA_ERROR_LOG_ENTRY {"error":"FFmpegDemuxer: open context failed"}
[0421/165256.028:ERROR:render_media_log.cc(30)] MediaEvent: PIPELINE_ERROR demuxer: could not open
[0421/165300.087:ERROR:render_media_log.cc(30)] MediaEvent: MEDIA_ERROR_LOG_ENTRY {"error":"FFmpegDemuxer: open context failed"}
[0421/165300.087:ERROR:render_media_log.cc(30)] MediaEvent: PIPELINE_ERROR demuxer: could not open
[0421/165303.497:ERROR:render_media_log.cc(30)] MediaEvent: MEDIA_ERROR_LOG_ENTRY {"error":"FFmpegDemuxer: open context failed"}
[0421/165303.497:ERROR:render_media_log.cc(30)] MediaEvent: PIPELINE_ERROR demuxer: could not open
[0421/165305.112:ERROR:render_media_log.cc(30)] MediaEvent: MEDIA_ERROR_LOG_ENTRY {"error":"FFmpegDemuxer: open context failed"}
[0421/165305.112:ERROR:render_media_log.cc(30)] MediaEvent: PIPELINE_ERROR demuxer: could not open
[0421/165315.811:ERROR:render_media_log.cc(30)] MediaEvent: MEDIA_ERROR_LOG_ENTRY {"error":"FFmpegDemuxer: open context failed"}
[0421/165315.811:ERROR:render_media_log.cc(30)] MediaEvent: PIPELINE_ERROR demuxer: could not open
[0421/165318.335:ERROR:render_media_log.cc(30)] MediaEvent: MEDIA_ERROR_LOG_ENTRY {"error":"FFmpegDemuxer: open context failed"}
[0421/165318.336:ERROR:render_media_log.cc(30)] MediaEvent: PIPELINE_ERROR demuxer: could not open
[0421/165323.789:ERROR:render_media_log.cc(30)] MediaEvent: MEDIA_ERROR_LOG_ENTRY {"error":"FFmpegDemuxer: open context failed"}
[0421/165323.789:ERROR:render_media_log.cc(30)] MediaEvent: PIPELINE_ERROR demuxer: could not open
[0421/172838.399:ERROR:render_media_log.cc(30)] MediaEvent: MEDIA_ERROR_LOG_ENTRY {"error":"FFmpegDemuxer: open context failed"}
[0421/172838.400:ERROR:render_media_log.cc(30)] MediaEvent: PIPELINE_ERROR demuxer: could not open
[0421/172848.398:ERROR:render_media_log.cc(30)] MediaEvent: MEDIA_ERROR_LOG_ENTRY {"error":"FFmpegDemuxer: open context failed"}
[0421/172848.398:ERROR:render_media_log.cc(30)] MediaEvent: PIPELINE_ERROR demuxer: could not open
[0421/172851.862:ERROR:render_media_log.cc(30)] MediaEvent: MEDIA_ERROR_LOG_ENTRY {"error":"FFmpegDemuxer: open context failed"}
[0421/172851.862:ERROR:render_media_log.cc(30)] MediaEvent: PIPELINE_ERROR demuxer: could not open
[0421/172856.661:ERROR:render_media_log.cc(30)] MediaEvent: MEDIA_ERROR_LOG_ENTRY {"error":"FFmpegDemuxer: open context failed"}
[0421/172856.661:ERROR:render_media_log.cc(30)] MediaEvent: PIPELINE_ERROR demuxer: could not open
[0421/172857.825:ERROR:render_media_log.cc(30)] MediaEvent: MEDIA_ERROR_LOG_ENTRY {"error":"FFmpegDemuxer: open context failed"}
[0421/172857.825:ERROR:render_media_log.cc(30)] MediaEvent: PIPELINE_ERROR demuxer: could not open
[0421/172859.793:ERROR:render_media_log.cc(30)] MediaEvent: MEDIA_ERROR_LOG_ENTRY {"error":"FFmpegDemuxer: open context failed"}
[0421/172859.793:ERROR:render_media_log.cc(30)] MediaEvent: PIPELINE_ERROR demuxer: could not open
[0421/172911.358:ERROR:render_media_log.cc(30)] MediaEvent: MEDIA_ERROR_LOG_ENTRY {"error":"FFmpegDemuxer: open context failed"}
[0421/172911.358:ERROR:render_media_log.cc(30)] MediaEvent: PIPELINE_ERROR demuxer: could not open
[0421/172912.915:ERROR:render_media_log.cc(30)] MediaEvent: MEDIA_ERROR_LOG_ENTRY {"error":"FFmpegDemuxer: open context failed"}
[0421/172912.915:ERROR:render_media_log.cc(30)] MediaEvent: PIPELINE_ERROR demuxer: could not open
[0421/172917.780:ERROR:render_media_log.cc(30)] MediaEvent: MEDIA_ERROR_LOG_ENTRY {"error":"FFmpegDemuxer: open context failed"}
[0421/172917.780:ERROR:render_media_log.cc(30)] MediaEvent: PIPELINE_ERROR demuxer: could not open
[0421/172919.675:ERROR:render_media_log.cc(30)] MediaEvent: MEDIA_ERROR_LOG_ENTRY {"error":"FFmpegDemuxer: open context failed"}
[0421/172919.676:ERROR:render_media_log.cc(30)] MediaEvent: PIPELINE_ERROR demuxer: could not open
